<?xml version="1.0" encoding="UTF-8"?>
<coverage generated="1683743691892" clover="3.2.0">
  <project timestamp="1683743691893" name="All files">
    <metrics statements="32" coveredstatements="31" conditionals="14" coveredconditionals="12" methods="9" coveredmethods="9" elements="55" coveredelements="52" complexity="0" loc="32" ncloc="32" packages="1" files="3" classes="3"/>
    <file name="GameBoard.js" path="/home/yabets/Desktop/repos/battleship/src/factories/GameBoard.js">
      <metrics statements="20" coveredstatements="19" conditionals="8" coveredconditionals="6" methods="4" coveredmethods="4"/>
      <line num="3" count="5" type="cond" truecount="1" falsecount="1"/>
      <line num="4" count="5" type="stmt"/>
      <line num="5" count="5" type="stmt"/>
      <line num="9" count="1" type="stmt"/>
      <line num="10" count="1" type="stmt"/>
      <line num="11" count="10" type="stmt"/>
      <line num="12" count="10" type="stmt"/>
      <line num="13" count="100" type="stmt"/>
      <line num="14" count="100" type="stmt"/>
      <line num="20" count="3" type="stmt"/>
      <line num="21" count="3" type="stmt"/>
      <line num="22" count="3" type="stmt"/>
      <line num="23" count="9" type="stmt"/>
      <line num="28" count="3" type="cond" truecount="2" falsecount="0"/>
      <line num="29" count="2" type="cond" truecount="2" falsecount="0"/>
      <line num="30" count="1" type="stmt"/>
      <line num="32" count="1" type="stmt"/>
      <line num="34" count="1" type="cond" truecount="1" falsecount="1"/>
      <line num="35" count="1" type="stmt"/>
      <line num="37" count="0" type="stmt"/>
    </file>
    <file name="Player.js" path="/home/yabets/Desktop/repos/battleship/src/factories/Player.js">
      <metrics statements="3" coveredstatements="3" conditionals="0" coveredconditionals="0" methods="2" coveredmethods="2"/>
      <line num="3" count="1" type="stmt"/>
      <line num="7" count="1" type="stmt"/>
      <line num="8" count="1" type="stmt"/>
    </file>
    <file name="Ship.js" path="/home/yabets/Desktop/repos/battleship/src/factories/Ship.js">
      <metrics statements="9" coveredstatements="9" conditionals="6" coveredconditionals="6" methods="3" coveredmethods="3"/>
      <line num="3" count="8" type="stmt"/>
      <line num="4" count="8" type="stmt"/>
      <line num="5" count="8" type="stmt"/>
      <line num="6" count="8" type="stmt"/>
      <line num="9" count="12" type="cond" truecount="4" falsecount="0"/>
      <line num="10" count="10" type="stmt"/>
      <line num="16" count="2" type="cond" truecount="2" falsecount="0"/>
      <line num="17" count="1" type="stmt"/>
      <line num="19" count="1" type="stmt"/>
    </file>
  </project>
</coverage>
