<?xml version="1.0" encoding="UTF-8"?>
<coverage generated="1684375547345" clover="3.2.0">
  <project timestamp="1684375547345" name="All files">
    <metrics statements="33" coveredstatements="31" conditionals="18" coveredconditionals="13" methods="9" coveredmethods="9" elements="60" coveredelements="53" complexity="0" loc="33" ncloc="33" packages="1" files="3" classes="3"/>
    <file name="GameBoard.js" path="/Users/yabets/Desktop/repos/battleship/src/factories/GameBoard.js">
      <metrics statements="20" coveredstatements="18" conditionals="8" coveredconditionals="5" methods="4" coveredmethods="4"/>
      <line num="3" count="6" type="cond" truecount="1" falsecount="1"/>
      <line num="4" count="6" type="stmt"/>
      <line num="5" count="6" type="stmt"/>
      <line num="11" count="3" type="stmt"/>
      <line num="12" count="30" type="stmt"/>
      <line num="13" count="30" type="stmt"/>
      <line num="14" count="300" type="stmt"/>
      <line num="15" count="300" type="stmt"/>
      <line num="23" count="4" type="stmt"/>
      <line num="24" count="4" type="stmt"/>
      <line num="27" count="4" type="stmt"/>
      <line num="28" count="12" type="stmt"/>
      <line num="30" count="36" type="stmt"/>
      <line num="63" count="3" type="cond" truecount="2" falsecount="0"/>
      <line num="64" count="2" type="cond" truecount="1" falsecount="1"/>
      <line num="65" count="0" type="stmt"/>
      <line num="67" count="2" type="stmt"/>
      <line num="69" count="1" type="cond" truecount="1" falsecount="1"/>
      <line num="70" count="1" type="stmt"/>
      <line num="72" count="0" type="stmt"/>
    </file>
    <file name="Player.js" path="/Users/yabets/Desktop/repos/battleship/src/factories/Player.js">
      <metrics statements="4" coveredstatements="4" conditionals="0" coveredconditionals="0" methods="2" coveredmethods="2"/>
      <line num="3" count="1" type="stmt"/>
      <line num="4" count="1" type="stmt"/>
      <line num="8" count="1" type="stmt"/>
      <line num="9" count="1" type="stmt"/>
    </file>
    <file name="Ship.js" path="/Users/yabets/Desktop/repos/battleship/src/factories/Ship.js">
      <metrics statements="9" coveredstatements="9" conditionals="10" coveredconditionals="8" methods="3" coveredmethods="3"/>
      <line num="3" count="9" type="stmt"/>
      <line num="4" count="9" type="stmt"/>
      <line num="5" count="9" type="cond" truecount="1" falsecount="1"/>
      <line num="6" count="9" type="cond" truecount="1" falsecount="1"/>
      <line num="10" count="12" type="cond" truecount="4" falsecount="0"/>
      <line num="11" count="10" type="stmt"/>
      <line num="17" count="2" type="cond" truecount="2" falsecount="0"/>
      <line num="18" count="1" type="stmt"/>
      <line num="20" count="1" type="stmt"/>
    </file>
  </project>
</coverage>
