{"/Users/yabets/Desktop/repos/battleship/src/factories/GameBoard.js": {"path":"/Users/yabets/Desktop/repos/battleship/src/factories/GameBoard.js","statementMap":{"0":{"start":{"line":3,"column":4},"end":{"line":3,"column":29}},"1":{"start":{"line":4,"column":4},"end":{"line":4,"column":23}},"2":{"start":{"line":5,"column":4},"end":{"line":5,"column":19}},"3":{"start":{"line":6,"column":4},"end":{"line":6,"column":23}},"4":{"start":{"line":7,"column":4},"end":{"line":7,"column":19}},"5":{"start":{"line":12,"column":4},"end":{"line":18,"column":5}},"6":{"start":{"line":12,"column":17},"end":{"line":12,"column":18}},"7":{"start":{"line":13,"column":6},"end":{"line":13,"column":25}},"8":{"start":{"line":14,"column":6},"end":{"line":17,"column":7}},"9":{"start":{"line":14,"column":19},"end":{"line":14,"column":20}},"10":{"start":{"line":15,"column":8},"end":{"line":15,"column":33}},"11":{"start":{"line":16,"column":8},"end":{"line":16,"column":16}},"12":{"start":{"line":24,"column":17},"end":{"line":24,"column":28}},"13":{"start":{"line":25,"column":19},"end":{"line":25,"column":32}},"14":{"start":{"line":28,"column":4},"end":{"line":35,"column":4}},"15":{"start":{"line":28,"column":14},"end":{"line":28,"column":15}},"16":{"start":{"line":29,"column":7},"end":{"line":34,"column":5}},"17":{"start":{"line":29,"column":20},"end":{"line":29,"column":21}},"18":{"start":{"line":31,"column":10},"end":{"line":31,"column":82}},"19":{"start":{"line":43,"column":8},"end":{"line":43,"column":33}},"20":{"start":{"line":48,"column":4},"end":{"line":48,"column":22}},"21":{"start":{"line":51,"column":18},"end":{"line":51,"column":29}}},"fnMap":{"0":{"name":"(anonymous_0)","decl":{"start":{"line":2,"column":2},"end":{"line":2,"column":3}},"loc":{"start":{"line":2,"column":21},"end":{"line":8,"column":3}},"line":2},"1":{"name":"(anonymous_1)","decl":{"start":{"line":10,"column":2},"end":{"line":10,"column":3}},"loc":{"start":{"line":10,"column":20},"end":{"line":19,"column":3}},"line":10},"2":{"name":"(anonymous_2)","decl":{"start":{"line":23,"column":2},"end":{"line":23,"column":3}},"loc":{"start":{"line":23,"column":18},"end":{"line":37,"column":3}},"line":23},"3":{"name":"(anonymous_3)","decl":{"start":{"line":41,"column":2},"end":{"line":41,"column":3}},"loc":{"start":{"line":41,"column":25},"end":{"line":45,"column":3}},"line":41},"4":{"name":"(anonymous_4)","decl":{"start":{"line":47,"column":2},"end":{"line":47,"column":3}},"loc":{"start":{"line":47,"column":15},"end":{"line":49,"column":3}},"line":47},"5":{"name":"(anonymous_5)","decl":{"start":{"line":51,"column":2},"end":{"line":51,"column":3}},"loc":{"start":{"line":51,"column":17},"end":{"line":51,"column":30}},"line":51}},"branchMap":{"0":{"loc":{"start":{"line":3,"column":17},"end":{"line":3,"column":28}},"type":"binary-expr","locations":[{"start":{"line":3,"column":17},"end":{"line":3,"column":22}},{"start":{"line":3,"column":26},"end":{"line":3,"column":28}}],"line":3}},"s":{"0":5,"1":5,"2":5,"3":5,"4":5,"5":3,"6":3,"7":30,"8":30,"9":30,"10":300,"11":300,"12":3,"13":3,"14":3,"15":3,"16":9,"17":9,"18":27,"19":1,"20":0,"21":0},"f":{"0":5,"1":3,"2":3,"3":1,"4":0,"5":0},"b":{"0":[5,0]},"_coverageSchema":"1a1c01bbd47fc00a2c39e90264f33305004495a9","hash":"0dd63990c42c2a6ecf446f5394b624146bb7b34d"}
,"/Users/yabets/Desktop/repos/battleship/src/factories/Player.js": {"path":"/Users/yabets/Desktop/repos/battleship/src/factories/Player.js","statementMap":{"0":{"start":{"line":3,"column":8},"end":{"line":3,"column":25}},"1":{"start":{"line":4,"column":8},"end":{"line":4,"column":38}},"2":{"start":{"line":9,"column":21},"end":{"line":9,"column":50}},"3":{"start":{"line":11,"column":8},"end":{"line":11,"column":28}}},"fnMap":{"0":{"name":"(anonymous_0)","decl":{"start":{"line":2,"column":4},"end":{"line":2,"column":5}},"loc":{"start":{"line":2,"column":17},"end":{"line":5,"column":5}},"line":2},"1":{"name":"(anonymous_1)","decl":{"start":{"line":7,"column":4},"end":{"line":7,"column":5}},"loc":{"start":{"line":7,"column":18},"end":{"line":12,"column":5}},"line":7}},"branchMap":{},"s":{"0":1,"1":1,"2":1,"3":1},"f":{"0":1,"1":1},"b":{},"_coverageSchema":"1a1c01bbd47fc00a2c39e90264f33305004495a9","hash":"10718d42ab051a257be86d8c0efc4d858cecb7de"}
,"/Users/yabets/Desktop/repos/battleship/src/factories/Ship.js": {"path":"/Users/yabets/Desktop/repos/battleship/src/factories/Ship.js","statementMap":{"0":{"start":{"line":3,"column":8},"end":{"line":3,"column":29}},"1":{"start":{"line":4,"column":8},"end":{"line":4,"column":23}},"2":{"start":{"line":5,"column":8},"end":{"line":5,"column":37}},"3":{"start":{"line":6,"column":8},"end":{"line":6,"column":33}},"4":{"start":{"line":11,"column":12},"end":{"line":11,"column":40}},"5":{"start":{"line":17,"column":8},"end":{"line":19,"column":9}},"6":{"start":{"line":18,"column":12},"end":{"line":18,"column":24}},"7":{"start":{"line":20,"column":8},"end":{"line":20,"column":21}}},"fnMap":{"0":{"name":"(anonymous_0)","decl":{"start":{"line":2,"column":4},"end":{"line":2,"column":5}},"loc":{"start":{"line":2,"column":39},"end":{"line":8,"column":5}},"line":2},"1":{"name":"(anonymous_1)","decl":{"start":{"line":9,"column":4},"end":{"line":9,"column":5}},"loc":{"start":{"line":9,"column":20},"end":{"line":14,"column":5}},"line":9},"2":{"name":"(anonymous_2)","decl":{"start":{"line":16,"column":4},"end":{"line":16,"column":5}},"loc":{"start":{"line":16,"column":17},"end":{"line":21,"column":5}},"line":16}},"branchMap":{"0":{"loc":{"start":{"line":5,"column":24},"end":{"line":5,"column":36}},"type":"binary-expr","locations":[{"start":{"line":5,"column":24},"end":{"line":5,"column":32}},{"start":{"line":5,"column":34},"end":{"line":5,"column":36}}],"line":5},"1":{"loc":{"start":{"line":6,"column":22},"end":{"line":6,"column":32}},"type":"binary-expr","locations":[{"start":{"line":6,"column":22},"end":{"line":6,"column":28}},{"start":{"line":6,"column":30},"end":{"line":6,"column":32}}],"line":6},"2":{"loc":{"start":{"line":17,"column":8},"end":{"line":19,"column":9}},"type":"if","locations":[{"start":{"line":17,"column":8},"end":{"line":19,"column":9}},{"start":{},"end":{}}],"line":17}},"s":{"0":8,"1":8,"2":8,"3":8,"4":10,"5":2,"6":0,"7":2},"f":{"0":8,"1":10,"2":2},"b":{"0":[8,0],"1":[8,0],"2":[0,2]},"_coverageSchema":"1a1c01bbd47fc00a2c39e90264f33305004495a9","hash":"d89ca180f6f284a3102ceda87d4d361bf0d3d717"}
}
