{"/Users/yabets/Desktop/repos/battleship/src/factories/GameBoard.js": {"path":"/Users/yabets/Desktop/repos/battleship/src/factories/GameBoard.js","statementMap":{"0":{"start":{"line":3,"column":4},"end":{"line":3,"column":29}},"1":{"start":{"line":4,"column":4},"end":{"line":4,"column":23}},"2":{"start":{"line":5,"column":4},"end":{"line":5,"column":21}},"3":{"start":{"line":11,"column":4},"end":{"line":17,"column":5}},"4":{"start":{"line":11,"column":17},"end":{"line":11,"column":18}},"5":{"start":{"line":12,"column":6},"end":{"line":12,"column":25}},"6":{"start":{"line":13,"column":6},"end":{"line":16,"column":7}},"7":{"start":{"line":13,"column":19},"end":{"line":13,"column":20}},"8":{"start":{"line":14,"column":8},"end":{"line":14,"column":33}},"9":{"start":{"line":15,"column":8},"end":{"line":15,"column":16}},"10":{"start":{"line":23,"column":17},"end":{"line":23,"column":28}},"11":{"start":{"line":24,"column":19},"end":{"line":24,"column":32}},"12":{"start":{"line":27,"column":4},"end":{"line":34,"column":4}},"13":{"start":{"line":27,"column":14},"end":{"line":27,"column":15}},"14":{"start":{"line":28,"column":7},"end":{"line":33,"column":5}},"15":{"start":{"line":28,"column":20},"end":{"line":28,"column":21}},"16":{"start":{"line":30,"column":10},"end":{"line":30,"column":82}},"17":{"start":{"line":63,"column":4},"end":{"line":73,"column":5}},"18":{"start":{"line":64,"column":6},"end":{"line":68,"column":7}},"19":{"start":{"line":65,"column":8},"end":{"line":65,"column":39}},"20":{"start":{"line":67,"column":8},"end":{"line":67,"column":41}},"21":{"start":{"line":69,"column":11},"end":{"line":73,"column":5}},"22":{"start":{"line":70,"column":6},"end":{"line":70,"column":39}},"23":{"start":{"line":72,"column":6},"end":{"line":72,"column":41}}},"fnMap":{"0":{"name":"(anonymous_0)","decl":{"start":{"line":2,"column":2},"end":{"line":2,"column":3}},"loc":{"start":{"line":2,"column":21},"end":{"line":7,"column":3}},"line":2},"1":{"name":"(anonymous_1)","decl":{"start":{"line":9,"column":2},"end":{"line":9,"column":3}},"loc":{"start":{"line":9,"column":20},"end":{"line":18,"column":3}},"line":9},"2":{"name":"(anonymous_2)","decl":{"start":{"line":22,"column":2},"end":{"line":22,"column":3}},"loc":{"start":{"line":22,"column":18},"end":{"line":36,"column":3}},"line":22},"3":{"name":"(anonymous_3)","decl":{"start":{"line":62,"column":2},"end":{"line":62,"column":3}},"loc":{"start":{"line":62,"column":34},"end":{"line":74,"column":3}},"line":62}},"branchMap":{"0":{"loc":{"start":{"line":3,"column":17},"end":{"line":3,"column":28}},"type":"binary-expr","locations":[{"start":{"line":3,"column":17},"end":{"line":3,"column":22}},{"start":{"line":3,"column":26},"end":{"line":3,"column":28}}],"line":3},"1":{"loc":{"start":{"line":63,"column":4},"end":{"line":73,"column":5}},"type":"if","locations":[{"start":{"line":63,"column":4},"end":{"line":73,"column":5}},{"start":{"line":69,"column":11},"end":{"line":73,"column":5}}],"line":63},"2":{"loc":{"start":{"line":64,"column":6},"end":{"line":68,"column":7}},"type":"if","locations":[{"start":{"line":64,"column":6},"end":{"line":68,"column":7}},{"start":{"line":66,"column":13},"end":{"line":68,"column":7}}],"line":64},"3":{"loc":{"start":{"line":69,"column":11},"end":{"line":73,"column":5}},"type":"if","locations":[{"start":{"line":69,"column":11},"end":{"line":73,"column":5}},{"start":{"line":71,"column":11},"end":{"line":73,"column":5}}],"line":69}},"s":{"0":6,"1":6,"2":6,"3":3,"4":3,"5":30,"6":30,"7":30,"8":300,"9":300,"10":4,"11":4,"12":4,"13":4,"14":12,"15":12,"16":36,"17":3,"18":2,"19":0,"20":2,"21":1,"22":1,"23":0},"f":{"0":6,"1":3,"2":4,"3":3},"b":{"0":[6,0],"1":[2,1],"2":[0,2],"3":[1,0]},"_coverageSchema":"1a1c01bbd47fc00a2c39e90264f33305004495a9","hash":"ecf57e56013eeef40e1fec6ad1e9c05e3ba51945"}
,"/Users/yabets/Desktop/repos/battleship/src/factories/Player.js": {"path":"/Users/yabets/Desktop/repos/battleship/src/factories/Player.js","statementMap":{"0":{"start":{"line":3,"column":8},"end":{"line":3,"column":25}},"1":{"start":{"line":4,"column":8},"end":{"line":4,"column":38}},"2":{"start":{"line":8,"column":21},"end":{"line":8,"column":49}},"3":{"start":{"line":9,"column":8},"end":{"line":9,"column":22}}},"fnMap":{"0":{"name":"(anonymous_0)","decl":{"start":{"line":2,"column":4},"end":{"line":2,"column":5}},"loc":{"start":{"line":2,"column":17},"end":{"line":5,"column":5}},"line":2},"1":{"name":"(anonymous_1)","decl":{"start":{"line":7,"column":4},"end":{"line":7,"column":5}},"loc":{"start":{"line":7,"column":14},"end":{"line":10,"column":5}},"line":7}},"branchMap":{},"s":{"0":1,"1":1,"2":1,"3":1},"f":{"0":1,"1":1},"b":{},"_coverageSchema":"1a1c01bbd47fc00a2c39e90264f33305004495a9","hash":"9158d9ffd1f92a043fb090831c1fc6522b3a0254"}
,"/Users/yabets/Desktop/repos/battleship/src/factories/Ship.js": {"path":"/Users/yabets/Desktop/repos/battleship/src/factories/Ship.js","statementMap":{"0":{"start":{"line":3,"column":8},"end":{"line":3,"column":29}},"1":{"start":{"line":4,"column":8},"end":{"line":4,"column":23}},"2":{"start":{"line":5,"column":8},"end":{"line":5,"column":37}},"3":{"start":{"line":6,"column":8},"end":{"line":6,"column":33}},"4":{"start":{"line":10,"column":8},"end":{"line":12,"column":9}},"5":{"start":{"line":11,"column":12},"end":{"line":11,"column":40}},"6":{"start":{"line":17,"column":8},"end":{"line":19,"column":9}},"7":{"start":{"line":18,"column":12},"end":{"line":18,"column":24}},"8":{"start":{"line":20,"column":8},"end":{"line":20,"column":21}}},"fnMap":{"0":{"name":"(anonymous_0)","decl":{"start":{"line":2,"column":4},"end":{"line":2,"column":5}},"loc":{"start":{"line":2,"column":39},"end":{"line":8,"column":5}},"line":2},"1":{"name":"(anonymous_1)","decl":{"start":{"line":9,"column":4},"end":{"line":9,"column":5}},"loc":{"start":{"line":9,"column":20},"end":{"line":14,"column":5}},"line":9},"2":{"name":"(anonymous_2)","decl":{"start":{"line":16,"column":4},"end":{"line":16,"column":5}},"loc":{"start":{"line":16,"column":12},"end":{"line":21,"column":5}},"line":16}},"branchMap":{"0":{"loc":{"start":{"line":5,"column":24},"end":{"line":5,"column":36}},"type":"binary-expr","locations":[{"start":{"line":5,"column":24},"end":{"line":5,"column":32}},{"start":{"line":5,"column":34},"end":{"line":5,"column":36}}],"line":5},"1":{"loc":{"start":{"line":6,"column":22},"end":{"line":6,"column":32}},"type":"binary-expr","locations":[{"start":{"line":6,"column":22},"end":{"line":6,"column":28}},{"start":{"line":6,"column":30},"end":{"line":6,"column":32}}],"line":6},"2":{"loc":{"start":{"line":10,"column":8},"end":{"line":12,"column":9}},"type":"if","locations":[{"start":{"line":10,"column":8},"end":{"line":12,"column":9}},{"start":{},"end":{}}],"line":10},"3":{"loc":{"start":{"line":10,"column":11},"end":{"line":10,"column":83}},"type":"binary-expr","locations":[{"start":{"line":10,"column":11},"end":{"line":10,"column":46}},{"start":{"line":10,"column":49},"end":{"line":10,"column":83}}],"line":10},"4":{"loc":{"start":{"line":17,"column":8},"end":{"line":19,"column":9}},"type":"if","locations":[{"start":{"line":17,"column":8},"end":{"line":19,"column":9}},{"start":{},"end":{}}],"line":17}},"s":{"0":9,"1":9,"2":9,"3":9,"4":12,"5":10,"6":2,"7":1,"8":1},"f":{"0":9,"1":12,"2":2},"b":{"0":[9,0],"1":[9,0],"2":[10,2],"3":[12,11],"4":[1,1]},"_coverageSchema":"1a1c01bbd47fc00a2c39e90264f33305004495a9","hash":"50e911c9252519dfa5b0b1e233874eaa26cf8bc9"}
}
