TN:
SF:src/factories/GameBoard.js
FN:2,(anonymous_0)
FN:10,(anonymous_1)
FN:23,(anonymous_2)
FN:41,(anonymous_3)
FN:47,(anonymous_4)
FN:51,(anonymous_5)
FNF:6
FNH:4
FNDA:5,(anonymous_0)
FNDA:3,(anonymous_1)
FNDA:3,(anonymous_2)
FNDA:1,(anonymous_3)
FNDA:0,(anonymous_4)
FNDA:0,(anonymous_5)
DA:3,5
DA:4,5
DA:5,5
DA:6,5
DA:7,5
DA:12,3
DA:13,30
DA:14,30
DA:15,300
DA:16,300
DA:24,3
DA:25,3
DA:28,3
DA:29,9
DA:31,27
DA:43,1
DA:48,0
DA:51,0
LF:18
LH:16
BRDA:3,0,0,5
BRDA:3,0,1,0
BRF:2
BRH:1
end_of_record
TN:
SF:src/factories/Player.js
FN:2,(anonymous_0)
FN:7,(anonymous_1)
FNF:2
FNH:2
FNDA:1,(anonymous_0)
FNDA:1,(anonymous_1)
DA:3,1
DA:4,1
DA:9,1
DA:11,1
LF:4
LH:4
BRF:0
BRH:0
end_of_record
TN:
SF:src/factories/Ship.js
FN:2,(anonymous_0)
FN:9,(anonymous_1)
FN:16,(anonymous_2)
FNF:3
FNH:3
FNDA:8,(anonymous_0)
FNDA:10,(anonymous_1)
FNDA:2,(anonymous_2)
DA:3,8
DA:4,8
DA:5,8
DA:6,8
DA:11,10
DA:17,2
DA:18,0
DA:20,2
LF:8
LH:7
BRDA:5,0,0,8
BRDA:5,0,1,0
BRDA:6,1,0,8
BRDA:6,1,1,0
BRDA:17,2,0,0
BRDA:17,2,1,2
BRF:6
BRH:3
end_of_record
