TN:
SF:src/factories/GameBoard.js
FN:2,(anonymous_0)
FN:8,(anonymous_1)
FN:19,(anonymous_2)
FN:27,(anonymous_3)
FNF:4
FNH:4
FNDA:5,(anonymous_0)
FNDA:1,(anonymous_1)
FNDA:3,(anonymous_2)
FNDA:3,(anonymous_3)
DA:3,5
DA:4,5
DA:5,5
DA:9,1
DA:10,1
DA:11,10
DA:12,10
DA:13,100
DA:14,100
DA:20,3
DA:21,3
DA:22,3
DA:23,9
DA:28,3
DA:29,2
DA:30,1
DA:32,1
DA:34,1
DA:35,1
DA:37,0
LF:20
LH:19
BRDA:3,0,0,5
BRDA:3,0,1,0
BRDA:28,1,0,2
BRDA:28,1,1,1
BRDA:29,2,0,1
BRDA:29,2,1,1
BRDA:34,3,0,1
BRDA:34,3,1,0
BRF:8
BRH:6
end_of_record
TN:
SF:src/factories/Player.js
FN:2,(anonymous_0)
FN:6,(anonymous_1)
FNF:2
FNH:2
FNDA:1,(anonymous_0)
FNDA:1,(anonymous_1)
DA:3,1
DA:7,1
DA:8,1
LF:3
LH:3
BRF:0
BRH:0
end_of_record
TN:
SF:src/factories/Ship.js
FN:2,(anonymous_0)
FN:8,(anonymous_1)
FN:15,(anonymous_2)
FNF:3
FNH:3
FNDA:8,(anonymous_0)
FNDA:12,(anonymous_1)
FNDA:2,(anonymous_2)
DA:3,8
DA:4,8
DA:5,8
DA:6,8
DA:9,12
DA:10,10
DA:16,2
DA:17,1
DA:19,1
LF:9
LH:9
BRDA:9,0,0,10
BRDA:9,0,1,2
BRDA:9,1,0,12
BRDA:9,1,1,11
BRDA:16,2,0,1
BRDA:16,2,1,1
BRF:6
BRH:6
end_of_record
